<?xml version="1.0" encoding="UTF-8"?>
<!-- Generated by org.testng.reporters.JUnitReportReporter -->
<testsuite hostname="DESKTOP-86NIJQL" failures="0" tests="2" name="testCases.Tests.MainTest" time="16.402" errors="0" timestamp="2024-05-01T17:35:15 IST" skipped="0">
  <testcase classname="testCases.Tests.MainTest" name="VerifyProductInOrderHistory" time="6.041"/>
  <system-out/>
  <testcase classname="testCases.Tests.MainTest" name="SubmitOrder" time="10.361"/>
  <system-out/>
</testsuite> <!-- testCases.Tests.MainTest -->
