<?xml version="1.0" encoding="UTF-8"?>
<!-- Generated by org.testng.reporters.JUnitReportReporter -->
<testsuite hostname="DESKTOP-86NIJQL" failures="0" tests="1" name="testCases.Tests.TestClass2" time="27.834" errors="0" timestamp="2024-04-22T19:57:53 IST" skipped="0">
  <testcase classname="testCases.Tests.TestClass2" name="SubmitOrder" time="27.834"/>
  <system-out/>
</testsuite> <!-- testCases.Tests.TestClass2 -->
