<?xml version="1.0" encoding="UTF-8"?>
<!-- Generated by org.testng.reporters.JUnitReportReporter -->
<testsuite hostname="DESKTOP-86NIJQL" failures="0" tests="2" name="testCases.Tests.HashMapSetDataProvider" time="45.634" errors="0" timestamp="2024-05-04T17:43:20 IST" skipped="0">
  <testcase classname="testCases.Tests.HashMapSetDataProvider" name="VerifyAllDataSets" time="22.141"/>
  <system-out/>
  <testcase classname="testCases.Tests.HashMapSetDataProvider" name="VerifyAllDataSets" time="23.493"/>
  <system-out/>
</testsuite> <!-- testCases.Tests.HashMapSetDataProvider -->
