<?xml version="1.0" encoding="UTF-8"?>
<!-- Generated by org.testng.reporters.JUnitReportReporter -->
<testsuite hostname="DESKTOP-86NIJQL" failures="0" tests="2" name="testCases.Tests.MainTest" time="40.748" errors="0" timestamp="2024-05-04T18:20:54 IST" skipped="0">
  <testcase classname="testCases.Tests.MainTest" name="SubmitOrder" time="24.944"/>
  <testcase classname="testCases.Tests.MainTest" name="VerifyProductInOrderHistory" time="15.804"/>
</testsuite> <!-- testCases.Tests.MainTest -->
